<?xml version="1.0" encoding="UTF-8"?>
<!-- Generated by org.testng.reporters.JUnitReportReporter -->
<testsuite skipped="0" hostname="Muhammeds-Air" name="com.careerhack.runners.TestRunner" tests="6" failures="0" timestamp="24 Feb 2022 18:35:01 GMT" time="0.341" errors="0">
  <testcase name="runScenario" time="0.006" classname="com.careerhack.runners.TestRunner"/>
  <testcase name="runScenario" time="0.306" classname="com.careerhack.runners.TestRunner"/>
  <testcase name="runScenario" time="0.010" classname="com.careerhack.runners.TestRunner"/>
  <testcase name="runScenario" time="0.005" classname="com.careerhack.runners.TestRunner"/>
  <testcase name="runScenario" time="0.007" classname="com.careerhack.runners.TestRunner"/>
  <testcase name="runScenario" time="0.007" classname="com.careerhack.runners.TestRunner"/>
</testsuite> <!-- com.careerhack.runners.TestRunner -->
